<?xml version="1.0" encoding="UTF-8"?>
<testng-results ignored="0" total="1" passed="1" failed="0" skipped="0">
  <reporter-output>
  </reporter-output>
  <suite started-at="2022-10-26T23:52:05Z" name="Suite1" finished-at="2022-10-26T23:52:06Z" duration-ms="677">
    <groups>
      <group name="cucumber">
        <method signature="AbstractTestNGCucumberTests.feature(cucumber.api.testng.CucumberFeatureWrapper)[pri:0, instance:zoopla.uk.myrunner.MyRunner@5d12a356]" name="feature" class="cucumber.api.testng.AbstractTestNGCucumberTests"/>
      </group> <!-- cucumber -->
    </groups>
    <test started-at="2022-10-26T23:52:05Z" name="Nopackage" finished-at="2022-10-26T23:52:06Z" duration-ms="677">
      <class name="zoopla.uk.myrunner.MyRunner">
        <test-method is-config="true" signature="setUpClass()[pri:0, instance:zoopla.uk.myrunner.MyRunner@5d12a356]" started-at="2022-10-26T23:52:05Z" name="setUpClass" finished-at="2022-10-26T23:52:05Z" duration-ms="241" status="PASS">
          <reporter-output>
          </reporter-output>
        </test-method> <!-- setUpClass -->
        <test-method signature="feature(cucumber.api.testng.CucumberFeatureWrapper)[pri:0, instance:zoopla.uk.myrunner.MyRunner@5d12a356]" started-at="2022-10-26T23:52:05Z" name="feature" description="Runs Cucumber Feature" data-provider="features" finished-at="2022-10-26T23:52:05Z" duration-ms="281" status="PASS">
          <params>
            <param index="0">
              <value>
                <![CDATA[Users able to buy the properties]]>
              </value>
            </param>
          </params>
          <reporter-output>
          </reporter-output>
        </test-method> <!-- feature -->
        <test-method is-config="true" signature="tearDownClass()[pri:0, instance:zoopla.uk.myrunner.MyRunner@5d12a356]" started-at="2022-10-26T23:52:05Z" name="tearDownClass" finished-at="2022-10-26T23:52:06Z" duration-ms="7" status="PASS">
          <reporter-output>
          </reporter-output>
        </test-method> <!-- tearDownClass -->
      </class> <!-- zoopla.uk.myrunner.MyRunner -->
    </test> <!-- Nopackage -->
  </suite> <!-- Suite1 -->
</testng-results>
